<?xml version="1.0" encoding="UTF-8"?>
<!-- Generated by org.testng.reporters.JUnitReportReporter -->
<testsuite hostname="DESKTOP-DOQU4P6" failures="0" tests="3" name="TestNG.P1" time="0.013" errors="0" timestamp="2024-12-04T20:29:42 GMT-08:00" skipped="0">
  <testcase classname="TestNG.P1" name="democ" time="0.002"/>
  <system-out>
    <![CDATA[democ has been passed]]>
  </system-out>
  <testcase classname="TestNG.P1" name="demoB" time="0.008"/>
  <system-out>
    <![CDATA[Hello world
demoB has been passed]]>
  </system-out>
  <testcase classname="TestNG.P1" name="demoA" time="0.003"/>
  <system-out>
    <![CDATA[Welcome
demoA has been passed]]>
  </system-out>
</testsuite> <!-- TestNG.P1 -->
