<?xml version="1.0" encoding="UTF-8"?>
<!-- Generated by org.testng.reporters.JUnitReportReporter -->
<testsuite hostname="DESKTOP-DOQU4P6" failures="0" tests="1" name="TestNG.HandlingScreenShot" time="9.665" errors="0" timestamp="2024-12-04T20:29:42 GMT-08:00" skipped="0">
  <testcase classname="TestNG.HandlingScreenShot" name="demo" time="9.665"/>
  <system-out>
    <![CDATA[demo has been passed]]>
  </system-out>
</testsuite> <!-- TestNG.HandlingScreenShot -->
