<?xml version="1.0" encoding="UTF-8"?>
<!-- Generated by org.testng.reporters.JUnitReportReporter -->
<testsuite hostname="DESKTOP-DOQU4P6" failures="0" tests="1" name="TestNG.HandlingScreenShotwebele" time="10.167" errors="0" timestamp="2024-12-04T20:29:42 GMT-08:00" skipped="0">
  <testcase classname="TestNG.HandlingScreenShotwebele" name="demo1" time="10.167"/>
  <system-out>
    <![CDATA[demo1 has been passed]]>
  </system-out>
</testsuite> <!-- TestNG.HandlingScreenShotwebele -->
